<?xml version="1.0" encoding="UTF-8"?>
<!-- Generated by org.testng.reporters.JUnitReportReporter -->
<testsuite hostname="CTLINLP-2041" name="webdriver.NewTest" tests="3" failures="0" timestamp="5 Oct 2019 05:18:51 GMT" time="4.450" errors="0">
  <testcase name="cFAQs" time="1.545" classname="webdriver.NewTest"/>
  <testcase name="sFAQs" time="1.540" classname="webdriver.NewTest"/>
  <testcase name="mFAQs" time="1.365" classname="webdriver.NewTest"/>
</testsuite> <!-- webdriver.NewTest -->
