<?xml version="1.0" encoding="UTF-8"?>
<!-- Generated by org.testng.reporters.JUnitReportReporter -->
<testsuite hostname="CTLINLP-2041" name="webdriver.NewTest" tests="3" failures="0" timestamp="10 Oct 2019 03:00:12 GMT" time="4.637" errors="0">
  <testcase name="sFAQs" time="1.565" classname="webdriver.NewTest"/>
  <testcase name="cFAQs" time="1.689" classname="webdriver.NewTest"/>
  <testcase name="mFAQs" time="1.383" classname="webdriver.NewTest"/>
</testsuite> <!-- webdriver.NewTest -->
